<?xml version="1.0" encoding="UTF-8"?>
<!-- Generated by org.testng.reporters.JUnitReportReporter -->
<testsuite hostname="Chandrahas" failures="0" tests="2" name="BasicTests.Test2" time="0.007" errors="0" timestamp="2024-11-01T10:49:10 IST" skipped="0">
  <testcase classname="BasicTests.Test2" name="PersonalLoanWeb" time="0.004"/>
  <system-out/>
  <testcase classname="BasicTests.Test2" name="Login" time="0.003"/>
  <system-out/>
</testsuite> <!-- BasicTests.Test2 -->
