<?xml version="1.0" encoding="UTF-8"?>
<!-- Generated by org.testng.reporters.JUnitReportReporter -->
<testsuite hostname="Micky" failures="0" tests="1" name="BasicTests.Parameterization" time="0.014" errors="0" timestamp="2024-10-22T00:23:13 IST" skipped="0">
  <testcase classname="BasicTests.Parameterization" name="test" time="0.014"/>
  <system-out/>
</testsuite> <!-- BasicTests.Parameterization -->
