<?xml version="1.0" encoding="UTF-8"?>
<!-- Generated by org.testng.reporters.JUnitReportReporter -->
<testsuite hostname="Chandrahas" failures="0" tests="3" name="BasicTests.Test3" time="0.002" errors="0" timestamp="2024-11-01T10:49:10 IST" skipped="1">
  <testcase classname="BasicTests.Test3" name="CarLoanWeb" time="0.001"/>
  <system-out/>
  <testcase classname="BasicTests.Test3" name="CarLoanLogout" time="0.001"/>
  <system-out/>
  <testcase classname="BasicTests.Test3" name="CarLoanMobile">
    <skipped/>
  </testcase> <!-- CarLoanMobile -->
  <system-out/>
</testsuite> <!-- BasicTests.Test3 -->
