<?xml version="1.0" encoding="UTF-8"?>
<!-- Generated by org.testng.reporters.JUnitReportReporter -->
<testsuite hostname="Chandrahas" failures="0" tests="1" name="BasicTests.Parameters1" time="0.013" errors="0" timestamp="2024-11-01T10:49:34 IST" skipped="0">
  <testcase classname="BasicTests.Parameters1" name="test" time="0.013"/>
  <system-out/>
</testsuite> <!-- BasicTests.Parameters1 -->
