<?xml version="1.0" encoding="UTF-8"?>
<!-- Generated by org.testng.reporters.JUnitReportReporter -->
<testsuite hostname="Chandrahas" failures="0" tests="8" name="BasicTests.Parameters2" time="0.013" errors="0" timestamp="2024-11-01T10:49:34 IST" skipped="0">
  <testcase classname="BasicTests.Parameters2" name="login" time="0.001"/>
  <system-out/>
  <testcase classname="BasicTests.Parameters2" name="test" time="0.002"/>
  <system-out/>
  <testcase classname="BasicTests.Parameters2" name="login" time="0.001"/>
  <system-out/>
  <testcase classname="BasicTests.Parameters2" name="login" time="0.002"/>
  <system-out/>
  <testcase classname="BasicTests.Parameters2" name="login" time="0.002"/>
  <system-out/>
  <testcase classname="BasicTests.Parameters2" name="test" time="0.001"/>
  <system-out/>
  <testcase classname="BasicTests.Parameters2" name="login" time="0.003"/>
  <system-out/>
  <testcase classname="BasicTests.Parameters2" name="login" time="0.001"/>
  <system-out/>
</testsuite> <!-- BasicTests.Parameters2 -->
