<?xml version="1.0" encoding="UTF-8"?>
<!-- Generated by org.testng.reporters.JUnitReportReporter -->
<testsuite hostname="Micky" failures="0" tests="2" name="RahulShetty.Test1" time="0.019" errors="0" timestamp="2024-10-21T23:38:31 IST" skipped="0">
  <testcase classname="RahulShetty.Test1" name="Test" time="0.018"/>
  <system-out/>
  <testcase classname="RahulShetty.Test1" name="Test2" time="0.001"/>
  <system-out/>
</testsuite> <!-- RahulShetty.Test1 -->
