<?xml version="1.0" encoding="UTF-8"?>
<!-- Generated by org.testng.reporters.JUnitReportReporter -->
<testsuite hostname="Micky" failures="0" tests="2" name="RahulShetty.BasicTest" time="0.025" errors="0" timestamp="2024-10-21T00:51:23 IST" skipped="0">
  <testcase classname="RahulShetty.BasicTest" name="Test2" time="0.005"/>
  <system-out/>
  <testcase classname="RahulShetty.BasicTest" name="Test1" time="0.020"/>
  <system-out/>
</testsuite> <!-- RahulShetty.BasicTest -->
