<?xml version="1.0" encoding="UTF-8"?>
<!-- Generated by org.testng.reporters.JUnitReportReporter -->
<testsuite hostname="Chandrahas" failures="0" tests="3" name="BasicTests.Test4" time="0.007" errors="0" timestamp="2024-11-01T10:49:10 IST" skipped="0">
  <testcase classname="BasicTests.Test4" name="Z" time="0.003"/>
  <system-out/>
  <testcase classname="BasicTests.Test4" name="HomeLoanLogout" time="0.001"/>
  <system-out/>
  <testcase classname="BasicTests.Test4" name="HomeLoanMobile" time="0.003"/>
  <system-out/>
</testsuite> <!-- BasicTests.Test4 -->
