<?xml version="1.0" encoding="UTF-8"?>
<!-- Generated by org.testng.reporters.JUnitReportReporter -->
<testsuite hostname="Micky" failures="0" tests="4" name="RahulShetty.Test3" time="0.004" errors="0" timestamp="2024-10-21T23:38:31 IST" skipped="0">
  <testcase classname="RahulShetty.Test3" name="CarLoanMobile" time="0.001"/>
  <system-out/>
  <testcase classname="RahulShetty.Test3" name="CarLoanLogout" time="0.001"/>
  <system-out/>
  <testcase classname="RahulShetty.Test3" name="CarLoanLogin" time="0.001"/>
  <system-out/>
  <testcase classname="RahulShetty.Test3" name="CarLoanWeb" time="0.001"/>
  <system-out/>
</testsuite> <!-- RahulShetty.Test3 -->
