<?xml version="1.0" encoding="UTF-8"?>
<!-- Generated by org.testng.reporters.JUnitReportReporter -->
<testsuite hostname="Chandrahas" failures="0" tests="1" name="BasicTests.Test1" time="0.001" errors="0" timestamp="2024-11-01T10:49:10 IST" skipped="0">
  <testcase classname="BasicTests.Test1" name="Test" time="0.001"/>
  <system-out/>
</testsuite> <!-- BasicTests.Test1 -->
