<?xml version="1.0" encoding="UTF-8"?>
<!-- Generated by org.testng.reporters.JUnitReportReporter -->
<testsuite hostname="Micky" failures="0" tests="4" name="RahulShetty.Test4" time="0.007" errors="0" timestamp="2024-10-21T23:38:31 IST" skipped="0">
  <testcase classname="RahulShetty.Test4" name="HomeLoanLogin" time="0.002"/>
  <system-out/>
  <testcase classname="RahulShetty.Test4" name="HomeLoanLogout" time="0.002"/>
  <system-out/>
  <testcase classname="RahulShetty.Test4" name="HomeLoanMobile" time="0.002"/>
  <system-out/>
  <testcase classname="RahulShetty.Test4" name="HomeLoanWeb" time="0.001"/>
  <system-out/>
</testsuite> <!-- RahulShetty.Test4 -->
